#
# A fatal error has been detected by the Java Runtime Environment:
#
#  EXCEPTION_ACCESS_VIOLATION (0xc0000005) at pc=0x0000000000000000, pid=2528, tid=5480
#
# JRE version: Java(TM) SE Runtime Environment (8.0_20-b26) (build 1.8.0_20-b26)
# Java VM: Java HotSpot(TM) 64-Bit Server VM (25.20-b23 mixed mode windows-amd64 compressed oops)
# Problematic frame:
# C  0x0000000000000000
#
# Failed to write core dump. Minidumps are not enabled by default on client versions of Windows
#
# If you would like to submit a bug report, please visit:
#   http://bugreport.sun.com/bugreport/crash.jsp
#

---------------  T H R E A D  ---------------

Current thread (0x00000000550e5000):  VMThread [stack: 0x00000000560f0000,0x00000000561f0000] [id=5480]

siginfo: ExceptionCode=0xc0000005, ExceptionInformation=0x0000000000000008 0x0000000000000000

Registers:
RAX=0x000007feea7b7758, RBX=0x0000000057a3ca80, RCX=0x0000000000000de1, RDX=0x0000000000000001
RSP=0x00000000561eeed8, RBP=0x0000000057b6d3f0, RSI=0x0000000057a3ca80, RDI=0x0000000057a3ca80
R8 =0x000007feea7cad08, R9 =0x0000000000000028, R10=0xe453776655403e2d, R11=0x00000000561eef20
R12=0x000007feea720000, R13=0x000007fffffae000, R14=0x0000000077682bc0, R15=0x000000007767d670
RIP=0x0000000000000000, EFLAGS=0x0000000000010213

Top of Stack: (sp=0x00000000561eeed8)
0x00000000561eeed8:   000007feea7387e8 0000000000000046
0x00000000561eeee8:   0000000077682bc0 0000000000000000
0x00000000561eeef8:   0000000057a3ca80 fffffffffffffffe
0x00000000561eef08:   000007feea7cace0 0000000057a3ca80
0x00000000561eef18:   000007feea738794 0000000057a3ca80
0x00000000561eef28:   0000000000000001 000007fffffae000
0x00000000561eef38:   000007feea720000 0000000000000002
0x00000000561eef48:   000007feea72acf9 0000000057b6d3f0
0x00000000561eef58:   0000000057b6d3f0 0000000057a3ca80
0x00000000561eef68:   0000000057a38860 0000000000000000
0x00000000561eef78:   0000000077682bc0 0000000000000001
0x00000000561eef88:   000007feea72ac42 0000000057a3ca80
0x00000000561eef98:   0000000057b6d3f0 000007fffffae000
0x00000000561eefa8:   000007feea720000 0000000057a38860
0x00000000561eefb8:   000007feea72ace7 000007fffffae000
0x00000000561eefc8:   0000000057b6d3f0 0000000057a38860 

Instructions: (pc=0x0000000000000000)
0xffffffffffffffe0:   


Register to memory mapping:

RAX=0x000007feea7b7758 is an unknown value
RBX=0x0000000057a3ca80 is an unknown value
RCX=0x0000000000000de1 is an unknown value
RDX=0x0000000000000001 is an unknown value
RSP=0x00000000561eeed8 is an unknown value
RBP=0x0000000057b6d3f0 is an unknown value
RSI=0x0000000057a3ca80 is an unknown value
RDI=0x0000000057a3ca80 is an unknown value
R8 =0x000007feea7cad08 is an unknown value
R9 =0x0000000000000028 is an unknown value
R10=0xe453776655403e2d is an unknown value
R11=0x00000000561eef20 is an unknown value
R12=0x000007feea720000 is an unknown value
R13=0x000007fffffae000 is an unknown value
R14=0x0000000077682bc0 is an unknown value
R15=0x000000007767d670 is an unknown value


Stack: [0x00000000560f0000,0x00000000561f0000],  sp=0x00000000561eeed8,  free space=1019k
Native frames: (J=compiled Java code, j=interpreted, Vv=VM code, C=native code)

VM_Operation (0x0000000058b9f0c0): Exit, mode: safepoint, requested by thread 0x0000000058250800


---------------  P R O C E S S  ---------------

Java Threads: ( => current thread )
  0x00000000585f4000 JavaThread "LWJGL Timer" daemon [_thread_blocked, id=2892, stack(0x0000000066a70000,0x0000000066b70000)]
  0x00000000584c2000 JavaThread "AsynchExecutor-Thread" daemon [_thread_blocked, id=4452, stack(0x0000000060810000,0x0000000060910000)]
  0x00000000584b2800 JavaThread "AsynchExecutor-Thread" daemon [_thread_blocked, id=2172, stack(0x0000000060d00000,0x0000000060e00000)]
  0x000000005848d800 JavaThread "AsynchExecutor-Thread" daemon [_thread_blocked, id=5128, stack(0x0000000060960000,0x0000000060a60000)]
  0x000000005848b000 JavaThread "AsynchExecutor-Thread" daemon [_thread_blocked, id=4812, stack(0x000000005f070000,0x000000005f170000)]
  0x0000000058489000 JavaThread "AsynchExecutor-Thread" daemon [_thread_blocked, id=216, stack(0x000000005de40000,0x000000005df40000)]
  0x0000000058570000 JavaThread "AsynchExecutor-Thread" daemon [_thread_blocked, id=1856, stack(0x000000005e0e0000,0x000000005e1e0000)]
  0x0000000058250800 JavaThread "LWJGL Application" [_thread_blocked, id=3472, stack(0x0000000058aa0000,0x0000000058ba0000)]
  0x0000000056b29000 JavaThread "Service Thread" daemon [_thread_blocked, id=4740, stack(0x0000000057200000,0x0000000057300000)]
  0x0000000056ac0800 JavaThread "C1 CompilerThread2" daemon [_thread_blocked, id=5736, stack(0x0000000057020000,0x0000000057120000)]
  0x000000005515c800 JavaThread "C2 CompilerThread1" daemon [_thread_blocked, id=5416, stack(0x00000000569b0000,0x0000000056ab0000)]
  0x0000000055155000 JavaThread "C2 CompilerThread0" daemon [_thread_blocked, id=1028, stack(0x0000000056850000,0x0000000056950000)]
  0x0000000055153800 JavaThread "Attach Listener" daemon [_thread_blocked, id=5832, stack(0x0000000055fa0000,0x00000000560a0000)]
  0x0000000055152000 JavaThread "Signal Dispatcher" daemon [_thread_blocked, id=3156, stack(0x0000000056690000,0x0000000056790000)]
  0x00000000550f2000 JavaThread "Finalizer" daemon [_thread_blocked, id=4680, stack(0x00000000564b0000,0x00000000565b0000)]
  0x00000000550e9000 JavaThread "Reference Handler" daemon [_thread_blocked, id=5508, stack(0x00000000562a0000,0x00000000563a0000)]
  0x00000000020fe000 JavaThread "main" [_thread_blocked, id=1512, stack(0x00000000024f0000,0x00000000025f0000)]

Other Threads:
=>0x00000000550e5000 VMThread [stack: 0x00000000560f0000,0x00000000561f0000] [id=5480]

VM state:at safepoint (shutting down)

VM Mutex/Monitor currently owned by a thread:  ([mutex/lock_event])
[0x00000000020fc120] Threads_lock - owner thread: 0x00000000550e5000

Heap:
 PSYoungGen      total 18944K, used 8437K [0x00000000eb400000, 0x00000000ec900000, 0x0000000100000000)
  eden space 16384K, 35% used [0x00000000eb400000,0x00000000eb9c2080,0x00000000ec400000)
  from space 2560K, 99% used [0x00000000ec400000,0x00000000ec67b5a0,0x00000000ec680000)
  to   space 2560K, 0% used [0x00000000ec680000,0x00000000ec680000,0x00000000ec900000)
 ParOldGen       total 44032K, used 909K [0x00000000c1c00000, 0x00000000c4700000, 0x00000000eb400000)
  object space 44032K, 2% used [0x00000000c1c00000,0x00000000c1ce3450,0x00000000c4700000)
 Metaspace       used 11031K, capacity 11123K, committed 11392K, reserved 1058816K
  class space    used 1114K, capacity 1136K, committed 1152K, reserved 1048576K

Card table byte_map: [0x0000000011c80000,0x0000000011e80000] byte_map_base: 0x0000000011672000

Marking Bits: (ParMarkBitMap*) 0x000000005e9cb460
 Begin Bits: [0x0000000012640000, 0x00000000135d0000)
 End Bits:   [0x00000000135d0000, 0x0000000014560000)

Polling page: 0x0000000000120000

CodeCache: size=245760Kb used=4506Kb max_used=4506Kb free=241253Kb
 bounds [0x00000000028c0000, 0x0000000002d30000, 0x00000000118c0000]
 total_blobs=1635 nmethods=1120 adapters=430
 compilation: enabled

Compilation events (10 events):
Event: 10.105 Thread 0x0000000056ac0800 1117       3       org.lwjgl.opengl.Display::getY (30 bytes)
Event: 10.106 Thread 0x0000000056ac0800 nmethod 1117 0x0000000002d25a90 code [0x0000000002d25c20, 0x0000000002d26228]
Event: 10.106 Thread 0x0000000056ac0800 1118   !   3       com.badlogic.gdx.backends.lwjgl.LwjglApplication::executeRunnables (119 bytes)
Event: 10.107 Thread 0x0000000056ac0800 nmethod 1118 0x0000000002d263d0 code [0x0000000002d26600, 0x0000000002d27378]
Event: 10.107 Thread 0x0000000056ac0800 1119       3       com.badlogic.gdx.backends.lwjgl.LwjglInput::update (13 bytes)
Event: 10.108 Thread 0x0000000056ac0800 nmethod 1119 0x0000000002d27b50 code [0x0000000002d27d00, 0x0000000002d280d8]
Event: 10.108 Thread 0x0000000056ac0800 1120       3       com.badlogic.gdx.backends.lwjgl.LwjglInput::updateTime (24 bytes)
Event: 10.108 Thread 0x0000000056ac0800 nmethod 1120 0x0000000002d281d0 code [0x0000000002d28340, 0x0000000002d284d0]
Event: 10.119 Thread 0x0000000056ac0800 1121       3       org.lwjgl.opengl.Display::wasResized (4 bytes)
Event: 10.120 Thread 0x0000000056ac0800 nmethod 1121 0x0000000002d28550 code [0x0000000002d286a0, 0x0000000002d287f0]

GC Heap History (2 events):
Event: 2.911 GC heap before
{Heap before GC invocations=1 (full 0):
 PSYoungGen      total 18944K, used 16384K [0x00000000eb400000, 0x00000000ec900000, 0x0000000100000000)
  eden space 16384K, 100% used [0x00000000eb400000,0x00000000ec400000,0x00000000ec400000)
  from space 2560K, 0% used [0x00000000ec680000,0x00000000ec680000,0x00000000ec900000)
  to   space 2560K, 0% used [0x00000000ec400000,0x00000000ec400000,0x00000000ec680000)
 ParOldGen       total 44032K, used 0K [0x00000000c1c00000, 0x00000000c4700000, 0x00000000eb400000)
  object space 44032K, 0% used [0x00000000c1c00000,0x00000000c1c00000,0x00000000c4700000)
 Metaspace       used 9009K, capacity 9171K, committed 9472K, reserved 1058816K
  class space    used 919K, capacity 976K, committed 1024K, reserved 1048576K
Event: 2.921 GC heap after
Heap after GC invocations=1 (full 0):
 PSYoungGen      total 18944K, used 2541K [0x00000000eb400000, 0x00000000ec900000, 0x0000000100000000)
  eden space 16384K, 0% used [0x00000000eb400000,0x00000000eb400000,0x00000000ec400000)
  from space 2560K, 99% used [0x00000000ec400000,0x00000000ec67b5a0,0x00000000ec680000)
  to   space 2560K, 0% used [0x00000000ec680000,0x00000000ec680000,0x00000000ec900000)
 ParOldGen       total 44032K, used 909K [0x00000000c1c00000, 0x00000000c4700000, 0x00000000eb400000)
  object space 44032K, 2% used [0x00000000c1c00000,0x00000000c1ce3450,0x00000000c4700000)
 Metaspace       used 9009K, capacity 9171K, committed 9472K, reserved 1058816K
  class space    used 919K, capacity 976K, committed 1024K, reserved 1048576K
}

Deoptimization events (0 events):
No events

Internal exceptions (10 events):
Event: 7.636 Thread 0x0000000058250800 Exception <a 'java/security/PrivilegedActionException'> (0x00000000eb820a60) thrown at [D:\re\workspace\8-2-build-windows-amd64-cygwin\jdk8u20\1074\hotspot\src\share\vm\prims\jvm.cpp, line 1275]
Event: 7.638 Thread 0x0000000058250800 Exception <a 'java/security/PrivilegedActionException'> (0x00000000eb824fd8) thrown at [D:\re\workspace\8-2-build-windows-amd64-cygwin\jdk8u20\1074\hotspot\src\share\vm\prims\jvm.cpp, line 1275]
Event: 8.394 Thread 0x0000000058250800 Exception <a 'java/security/PrivilegedActionException'> (0x00000000eb865a38) thrown at [D:\re\workspace\8-2-build-windows-amd64-cygwin\jdk8u20\1074\hotspot\src\share\vm\prims\jvm.cpp, line 1275]
Event: 8.394 Thread 0x0000000058250800 Exception <a 'java/security/PrivilegedActionException'> (0x00000000eb868178) thrown at [D:\re\workspace\8-2-build-windows-amd64-cygwin\jdk8u20\1074\hotspot\src\share\vm\prims\jvm.cpp, line 1275]
Event: 8.396 Thread 0x0000000058250800 Exception <a 'java/security/PrivilegedActionException'> (0x00000000eb86f060) thrown at [D:\re\workspace\8-2-build-windows-amd64-cygwin\jdk8u20\1074\hotspot\src\share\vm\prims\jvm.cpp, line 1275]
Event: 8.396 Thread 0x0000000058250800 Exception <a 'java/security/PrivilegedActionException'> (0x00000000eb871720) thrown at [D:\re\workspace\8-2-build-windows-amd64-cygwin\jdk8u20\1074\hotspot\src\share\vm\prims\jvm.cpp, line 1275]
Event: 8.397 Thread 0x0000000058250800 Exception <a 'java/security/PrivilegedActionException'> (0x00000000eb8748c8) thrown at [D:\re\workspace\8-2-build-windows-amd64-cygwin\jdk8u20\1074\hotspot\src\share\vm\prims\jvm.cpp, line 1275]
Event: 8.397 Thread 0x0000000058250800 Exception <a 'java/security/PrivilegedActionException'> (0x00000000eb8770a8) thrown at [D:\re\workspace\8-2-build-windows-amd64-cygwin\jdk8u20\1074\hotspot\src\share\vm\prims\jvm.cpp, line 1275]
Event: 10.264 Thread 0x0000000058250800 Exception <a 'java/security/PrivilegedActionException'> (0x00000000eb987638) thrown at [D:\re\workspace\8-2-build-windows-amd64-cygwin\jdk8u20\1074\hotspot\src\share\vm\prims\jvm.cpp, line 1275]
Event: 10.291 Thread 0x0000000058250800 Exception <a 'java/security/PrivilegedActionException'> (0x00000000eb98a7f8) thrown at [D:\re\workspace\8-2-build-windows-amd64-cygwin\jdk8u20\1074\hotspot\src\share\vm\prims\jvm.cpp, line 1275]

Events (10 events):
Event: 10.342 loading class java/util/HashMap$Values done
Event: 10.342 loading class java/util/HashMap$ValueIterator
Event: 10.342 loading class java/util/HashMap$ValueIterator done
Event: 10.342 loading class java/util/IdentityHashMap$KeySet
Event: 10.342 loading class java/util/IdentityHashMap$KeySet done
Event: 10.342 loading class java/util/IdentityHashMap$KeyIterator
Event: 10.342 loading class java/util/IdentityHashMap$IdentityHashMapIterator
Event: 10.343 loading class java/util/IdentityHashMap$IdentityHashMapIterator done
Event: 10.343 loading class java/util/IdentityHashMap$KeyIterator done
Event: 10.343 Executing VM operation: Exit


Dynamic libraries:
0x000000013f760000 - 0x000000013f794000 	C:\Program Files\Java\jre1.8.0_20\bin\javaw.exe
0x0000000077550000 - 0x00000000776f8000 	C:\Windows\SYSTEM32\ntdll.dll
0x0000000077430000 - 0x000000007754f000 	C:\Windows\system32\kernel32.dll
0x000007fefd5c0000 - 0x000007fefd62c000 	C:\Windows\system32\KERNELBASE.dll
0x000007fefdfa0000 - 0x000007fefe07b000 	C:\Windows\system32\ADVAPI32.dll
0x000007fefdd70000 - 0x000007fefde0f000 	C:\Windows\system32\msvcrt.dll
0x000007feff0c0000 - 0x000007feff0df000 	C:\Windows\SYSTEM32\sechost.dll
0x000007fefde10000 - 0x000007fefdf3d000 	C:\Windows\system32\RPCRT4.dll
0x0000000077330000 - 0x000000007742a000 	C:\Windows\system32\USER32.dll
0x000007feff520000 - 0x000007feff587000 	C:\Windows\system32\GDI32.dll
0x000007feff510000 - 0x000007feff51e000 	C:\Windows\system32\LPK.dll
0x000007fefd8c0000 - 0x000007fefd989000 	C:\Windows\system32\USP10.dll
0x000007fefb9d0000 - 0x000007fefbbc4000 	C:\Windows\WinSxS\amd64_microsoft.windows.common-controls_6595b64144ccf1df_6.0.7601.17514_none_fa396087175ac9ac\COMCTL32.dll
0x000007fefefa0000 - 0x000007feff011000 	C:\Windows\system32\SHLWAPI.dll
0x000007fefe080000 - 0x000007fefe0ae000 	C:\Windows\system32\IMM32.DLL
0x000007feff400000 - 0x000007feff509000 	C:\Windows\system32\MSCTF.dll
0x000000006ea50000 - 0x000000006eb22000 	C:\Program Files\Java\jre1.8.0_20\bin\msvcr100.dll
0x000000005e1f0000 - 0x000000005ea48000 	C:\Program Files\Java\jre1.8.0_20\bin\server\jvm.dll
0x000007fef2a20000 - 0x000007fef2a29000 	C:\Windows\system32\WSOCK32.dll
0x000007feff2f0000 - 0x000007feff33d000 	C:\Windows\system32\WS2_32.dll
0x000007fefd8b0000 - 0x000007fefd8b8000 	C:\Windows\system32\NSI.dll
0x000007fefb130000 - 0x000007fefb16b000 	C:\Windows\system32\WINMM.dll
0x0000000077720000 - 0x0000000077727000 	C:\Windows\system32\PSAPI.DLL
0x000000006e850000 - 0x000000006e85f000 	C:\Program Files\Java\jre1.8.0_20\bin\verify.dll
0x000000006bfb0000 - 0x000000006bfd8000 	C:\Program Files\Java\jre1.8.0_20\bin\java.dll
0x000000006ece0000 - 0x000000006ecf6000 	C:\Program Files\Java\jre1.8.0_20\bin\zip.dll
0x000007fefe130000 - 0x000007fefeeb9000 	C:\Windows\system32\SHELL32.dll
0x000007feff0e0000 - 0x000007feff2e3000 	C:\Windows\system32\ole32.dll
0x000007fefd320000 - 0x000007fefd32f000 	C:\Windows\system32\profapi.dll
0x0000000065580000 - 0x0000000065616000 	C:\Users\Browsing\AppData\Local\Temp\libgdxBrowsing\a914e087\gdx64.dll
0x000007fefcb10000 - 0x000007fefcb28000 	C:\Windows\system32\CRYPTSP.dll
0x000007fefc810000 - 0x000007fefc857000 	C:\Windows\system32\rsaenh.dll
0x000007fefd4e0000 - 0x000007fefd4fe000 	C:\Windows\system32\USERENV.dll
0x000007fefd170000 - 0x000007fefd17f000 	C:\Windows\system32\CRYPTBASE.dll
0x000000006ec50000 - 0x000000006ec6a000 	C:\Program Files\Java\jre1.8.0_20\bin\net.dll
0x000007fefcab0000 - 0x000007fefcb05000 	C:\Windows\system32\mswsock.dll
0x000007fefcaa0000 - 0x000007fefcaa7000 	C:\Windows\System32\wship6.dll
0x000007fefa4c0000 - 0x000007fefa4e7000 	C:\Windows\system32\IPHLPAPI.DLL
0x000007fefa4b0000 - 0x000007fefa4bb000 	C:\Windows\system32\WINNSI.DLL
0x000007fefa340000 - 0x000007fefa351000 	C:\Windows\system32\dhcpcsvc6.DLL
0x000007fefa2a0000 - 0x000007fefa2b8000 	C:\Windows\system32\dhcpcsvc.DLL
0x000000006ec10000 - 0x000000006ec21000 	C:\Program Files\Java\jre1.8.0_20\bin\nio.dll
0x0000000180000000 - 0x0000000180053000 	C:\Users\Browsing\AppData\Local\Temp\libgdxBrowsing\dc0f0009\lwjgl64.dll
0x000007feee590000 - 0x000007feee6ad000 	C:\Windows\system32\OPENGL32.dll
0x000007fef1240000 - 0x000007fef126d000 	C:\Windows\system32\GLU32.dll
0x000007feee0e0000 - 0x000007feee1d1000 	C:\Windows\system32\DDRAW.dll
0x000007fef3050000 - 0x000007fef3058000 	C:\Windows\system32\DCIMAN32.dll
0x000007fefd6d0000 - 0x000007fefd8a7000 	C:\Windows\system32\SETUPAPI.dll
0x000007fefd670000 - 0x000007fefd6a6000 	C:\Windows\system32\CFGMGR32.dll
0x000007fefeec0000 - 0x000007fefef97000 	C:\Windows\system32\OLEAUT32.dll
0x000007fefd4c0000 - 0x000007fefd4da000 	C:\Windows\system32\DEVOBJ.dll
0x000007fefb520000 - 0x000007fefb538000 	C:\Windows\system32\dwmapi.dll
0x000007fefc400000 - 0x000007fefc40c000 	C:\Windows\system32\VERSION.dll
0x00000000003c0000 - 0x0000000000424000 	C:\Users\Browsing\AppData\Local\Temp\libgdxBrowsing\dc0f0009\OpenAL64.dll
0x000007fefb900000 - 0x000007fefb956000 	C:\Windows\system32\uxtheme.dll
0x000007feea720000 - 0x000007feea7ec000 	C:\Program Files (x86)\PlayClaw3\PLAYCLAWHOOK64.dll
0x000007feff340000 - 0x000007feff3d9000 	C:\Windows\system32\CLBCatQ.DLL
0x000007fefbe20000 - 0x000007fefbf4c000 	C:\Windows\System32\PROPSYS.dll
0x000007fefd630000 - 0x000007fefd66b000 	C:\Windows\system32\WINTRUST.dll
0x000007fefd350000 - 0x000007fefd4bd000 	C:\Windows\system32\CRYPT32.dll
0x000007fefd310000 - 0x000007fefd31f000 	C:\Windows\system32\MSASN1.dll
0x000007fef61a0000 - 0x000007fef6228000 	C:\Windows\system32\dsound.dll
0x000007fefc180000 - 0x000007fefc1ac000 	C:\Windows\system32\POWRPROF.dll
0x000007fefc130000 - 0x000007fefc17b000 	C:\Windows\System32\MMDevApi.dll
0x000007fefae50000 - 0x000007fefae9f000 	C:\Windows\system32\AUDIOSES.DLL
0x000007feeea20000 - 0x000007feeea57000 	D:\LeapDeveloperKit_2.2.2+24469_win\LeapSDK\lib\x64\LeapJava.dll
0x000007fef94f0000 - 0x000007fef9596000 	C:\Windows\system32\MSVCP120.dll
0x000007fef9400000 - 0x000007fef94ef000 	C:\Windows\system32\MSVCR120.dll
0x000007fee4530000 - 0x000007fee469b000 	D:\LeapDeveloperKit_2.2.2+24469_win\LeapSDK\lib\x64\Leap.dll
0x000007fefb340000 - 0x000007fefb36d000 	C:\Windows\system32\ntmarta.dll
0x000007fefdf40000 - 0x000007fefdf92000 	C:\Windows\system32\WLDAP32.dll
0x0000000059cc0000 - 0x000000005a48a000 	C:\Windows\system32\ig7icd64.dll
0x000007fef6a10000 - 0x000007fef6e62000 	C:\Windows\system32\igdusc64.dll
0x000007feeaaa0000 - 0x000007feeab3c000 	C:\Windows\system32\mscms.dll
0x000007feec9f0000 - 0x000007feeca32000 	C:\Windows\system32\icm32.dll
0x0000000066bc0000 - 0x0000000066c7b000 	C:\Users\Browsing\AppData\Local\Temp\libgdxBrowsing\e0574a22\gdx-box2d64.dll
0x000007fef92d0000 - 0x000007fef93f5000 	C:\Windows\system32\dbghelp.dll

VM Arguments:
jvm_args: -Djava.library.path=D:\LeapDeveloperKit_2.2.2+24469_win\LeapSDK\lib\x64 -Dfile.encoding=Cp1252 
java_command: GameMain
java_class_path (initial): C:\Users\Paul\workspace\Leap Game Desktop\bin;C:\Users\Paul\workspace\Leap Game Desktop\libs\gdx-backend-lwjgl-natives.jar;C:\Users\Paul\workspace\Leap Game Desktop\libs\gdx-backend-lwjgl.jar;C:\Users\Paul\workspace\Leap Game Desktop\libs\gdx-natives.jar;C:\Users\Paul\workspace\Leap Game Core\bin;D:\LeapDeveloperKit_2.2.2+24469_win\LeapSDK\lib\LeapJava.jar;C:\Users\Paul\workspace\Leap Game Core\libs\gdx.jar;C:\Users\Paul\workspace\Leap Game Core\libs\gdx-box2d.jar;C:\Users\Paul\workspace\Leap Game Desktop\libs\gdx-box2d-natives.jar
Launcher Type: SUN_STANDARD

Environment Variables:
JAVA_HOME=C:\Program Files\Java\jdk1.8.0_20
PATH=C:\ProgramData\Oracle\Java\javapath;C:\Program Files (x86)\Intel\TXE Components\TCS\;C:\Program Files\Intel\TXE Components\TCS\;C:\Windows\system32;C:\Windows;C:\Windows\System32\Wbem;C:\Windows\System32\WindowsPowerShell\v1.0\;C:\Program Files (x86)\Git\cmd;C:\Program Files\Java\jdk1.8.0_20\bin;C:\Program Files (x86)\Windows Kits\8.1\Windows Performance Toolkit\;C:\Program Files\Microsoft SQL Server\110\Tools\Binn\;C:\Program Files (x86)\Microsoft SDKs\TypeScript\1.0\;C:\Program Files\Microsoft SQL Server\120\Tools\Binn\
USERNAME=Browsing
OS=Windows_NT
PROCESSOR_IDENTIFIER=Intel64 Family 6 Model 55 Stepping 3, GenuineIntel



---------------  S Y S T E M  ---------------

OS: Windows 7 , 64 bit Build 7601 Service Pack 1

CPU:total 4 (4 cores per cpu, 1 threads per core) family 6 model 55 stepping 3, cmov, cx8, fxsr, mmx, sse, sse2, sse3, ssse3, sse4.1, sse4.2, popcnt, clmul, erms, tsc, tscinvbit

Memory: 4k page, physical 4077940k(1310996k free), swap 8154028k(4891784k free)

vm_info: Java HotSpot(TM) 64-Bit Server VM (25.20-b23) for windows-amd64 JRE (1.8.0_20-b26), built on Jul 30 2014 13:51:23 by "java_re" with MS VC++ 10.0 (VS2010)

time: Tue May 05 17:49:30 2015
elapsed time: 10 seconds (0d 0h 0m 10s)

