#
# A fatal error has been detected by the Java Runtime Environment:
#
#  EXCEPTION_ACCESS_VIOLATION (0xc0000005) at pc=0x0000000000000000, pid=3212, tid=3100
#
# JRE version: Java(TM) SE Runtime Environment (8.0_20-b26) (build 1.8.0_20-b26)
# Java VM: Java HotSpot(TM) 64-Bit Server VM (25.20-b23 mixed mode windows-amd64 compressed oops)
# Problematic frame:
# C  0x0000000000000000
#
# Failed to write core dump. Minidumps are not enabled by default on client versions of Windows
#
# If you would like to submit a bug report, please visit:
#   http://bugreport.sun.com/bugreport/crash.jsp
#

---------------  T H R E A D  ---------------

Current thread (0x0000000054c26000):  VMThread [stack: 0x0000000055e50000,0x0000000055f50000] [id=3100]

siginfo: ExceptionCode=0xc0000005, ExceptionInformation=0x0000000000000008 0x0000000000000000

Registers:
RAX=0x000007feea7b7758, RBX=0x000000005755ca80, RCX=0x0000000000000de1, RDX=0x0000000000000001
RSP=0x0000000055f4f4e8, RBP=0x0000000011f2d3f0, RSI=0x000000005755ca80, RDI=0x000000005755ca80
R8 =0x000007feea7cad08, R9 =0x0000000000000028, R10=0xe453776655403e2d, R11=0x0000000055f4f530
R12=0x000007feea720000, R13=0x000007fffffae000, R14=0x0000000077682bc0, R15=0x000000007767d670
RIP=0x0000000000000000, EFLAGS=0x0000000000010213

Top of Stack: (sp=0x0000000055f4f4e8)
0x0000000055f4f4e8:   000007feea7387e8 000000000000002e
0x0000000055f4f4f8:   0000000077682bc0 0000000000000000
0x0000000055f4f508:   000000005755ca80 fffffffffffffffe
0x0000000055f4f518:   000007feea7cace0 000000005755ca80
0x0000000055f4f528:   000007feea738794 000000005755ca80
0x0000000055f4f538:   0000000000000001 000007fffffae000
0x0000000055f4f548:   000007feea720000 0000000000000002
0x0000000055f4f558:   000007feea72acf9 0000000011f2d3f0
0x0000000055f4f568:   0000000011f2d3f0 000000005755ca80
0x0000000055f4f578:   0000000057558860 0000000000000000
0x0000000055f4f588:   0000000077682bc0 0000000000000001
0x0000000055f4f598:   000007feea72ac42 000000005755ca80
0x0000000055f4f5a8:   0000000011f2d3f0 000007fffffae000
0x0000000055f4f5b8:   000007feea720000 0000000057558860
0x0000000055f4f5c8:   000007feea72ace7 000007fffffae000
0x0000000055f4f5d8:   0000000011f2d3f0 0000000057558860 

Instructions: (pc=0x0000000000000000)
0xffffffffffffffe0:   


Register to memory mapping:

RAX=0x000007feea7b7758 is an unknown value
RBX=0x000000005755ca80 is an unknown value
RCX=0x0000000000000de1 is an unknown value
RDX=0x0000000000000001 is an unknown value
RSP=0x0000000055f4f4e8 is an unknown value
RBP=0x0000000011f2d3f0 is an unknown value
RSI=0x000000005755ca80 is an unknown value
RDI=0x000000005755ca80 is an unknown value
R8 =0x000007feea7cad08 is an unknown value
R9 =0x0000000000000028 is an unknown value
R10=0xe453776655403e2d is an unknown value
R11=0x0000000055f4f530 is an unknown value
R12=0x000007feea720000 is an unknown value
R13=0x000007fffffae000 is an unknown value
R14=0x0000000077682bc0 is an unknown value
R15=0x000000007767d670 is an unknown value


Stack: [0x0000000055e50000,0x0000000055f50000],  sp=0x0000000055f4f4e8,  free space=1021k
Native frames: (J=compiled Java code, j=interpreted, Vv=VM code, C=native code)

VM_Operation (0x00000000589bf310): Exit, mode: safepoint, requested by thread 0x0000000056a6d000


---------------  P R O C E S S  ---------------

Java Threads: ( => current thread )
  0x0000000058132000 JavaThread "LWJGL Timer" daemon [_thread_blocked, id=1252, stack(0x0000000060880000,0x0000000060980000)]
  0x0000000057f61800 JavaThread "AsynchExecutor-Thread" daemon [_thread_blocked, id=3776, stack(0x000000005aea0000,0x000000005afa0000)]
  0x0000000058287000 JavaThread "AsynchExecutor-Thread" daemon [_thread_blocked, id=5648, stack(0x0000000060760000,0x0000000060860000)]
  0x0000000058285800 JavaThread "AsynchExecutor-Thread" daemon [_thread_blocked, id=5576, stack(0x00000000605f0000,0x00000000606f0000)]
  0x00000000580aa000 JavaThread "AsynchExecutor-Thread" daemon [_thread_blocked, id=5456, stack(0x0000000060400000,0x0000000060500000)]
  0x00000000580b5800 JavaThread "AsynchExecutor-Thread" daemon [_thread_blocked, id=4728, stack(0x000000005faa0000,0x000000005fba0000)]
  0x00000000580ae800 JavaThread "AsynchExecutor-Thread" daemon [_thread_blocked, id=1984, stack(0x000000005dcf0000,0x000000005ddf0000)]
  0x0000000056a6d000 JavaThread "LWJGL Application" [_thread_blocked, id=4368, stack(0x00000000588c0000,0x00000000589c0000)]
  0x00000000566e8800 JavaThread "Service Thread" daemon [_thread_blocked, id=2912, stack(0x0000000056b10000,0x0000000056c10000)]
  0x0000000056671800 JavaThread "C1 CompilerThread2" daemon [_thread_blocked, id=5540, stack(0x0000000056c50000,0x0000000056d50000)]
  0x0000000056670800 JavaThread "C2 CompilerThread1" daemon [_thread_blocked, id=5812, stack(0x0000000055cf0000,0x0000000055df0000)]
  0x0000000054c99000 JavaThread "C2 CompilerThread0" daemon [_thread_blocked, id=852, stack(0x0000000056570000,0x0000000056670000)]
  0x0000000054c94000 JavaThread "Attach Listener" daemon [_thread_blocked, id=5088, stack(0x0000000056420000,0x0000000056520000)]
  0x0000000054c92800 JavaThread "Signal Dispatcher" daemon [_thread_blocked, id=2492, stack(0x00000000562f0000,0x00000000563f0000)]
  0x0000000054c33000 JavaThread "Finalizer" daemon [_thread_blocked, id=2884, stack(0x0000000056150000,0x0000000056250000)]
  0x0000000054c2a000 JavaThread "Reference Handler" daemon [_thread_blocked, id=3296, stack(0x0000000055f90000,0x0000000056090000)]
  0x00000000020ee000 JavaThread "main" [_thread_blocked, id=2532, stack(0x00000000023d0000,0x00000000024d0000)]

Other Threads:
=>0x0000000054c26000 VMThread [stack: 0x0000000055e50000,0x0000000055f50000] [id=3100]

VM state:at safepoint (shutting down)

VM Mutex/Monitor currently owned by a thread:  ([mutex/lock_event])
[0x00000000020ec120] Threads_lock - owner thread: 0x0000000054c26000

Heap:
 PSYoungGen      total 18944K, used 6715K [0x00000000eb400000, 0x00000000ec900000, 0x0000000100000000)
  eden space 16384K, 25% used [0x00000000eb400000,0x00000000eb816970,0x00000000ec400000)
  from space 2560K, 98% used [0x00000000ec680000,0x00000000ec8f83a0,0x00000000ec900000)
  to   space 2560K, 0% used [0x00000000ec400000,0x00000000ec400000,0x00000000ec680000)
 ParOldGen       total 44032K, used 3297K [0x00000000c1c00000, 0x00000000c4700000, 0x00000000eb400000)
  object space 44032K, 7% used [0x00000000c1c00000,0x00000000c1f38460,0x00000000c4700000)
 Metaspace       used 11158K, capacity 11283K, committed 11392K, reserved 1058816K
  class space    used 1077K, capacity 1104K, committed 1152K, reserved 1048576K

Card table byte_map: [0x0000000011b60000,0x0000000011d60000] byte_map_base: 0x0000000011552000

Marking Bits: (ParMarkBitMap*) 0x000000005e9cb460
 Begin Bits: [0x0000000012180000, 0x0000000013110000)
 End Bits:   [0x0000000013110000, 0x00000000140a0000)

Polling page: 0x0000000000420000

CodeCache: size=245760Kb used=6289Kb max_used=6300Kb free=239470Kb
 bounds [0x00000000027a0000, 0x0000000002de0000, 0x00000000117a0000]
 total_blobs=2159 nmethods=1616 adapters=457
 compilation: enabled

Compilation events (10 events):
Event: 97.671 Thread 0x0000000054c99000 1623       4       org.lwjgl.opengl.Display::getHeight (30 bytes)
Event: 97.674 Thread 0x0000000054c99000 nmethod 1623 0x0000000002dbbb10 code [0x0000000002dbbc60, 0x0000000002dbbef8]
Event: 98.490 Thread 0x0000000056670800 1624   !   4       org.lwjgl.opengl.Display::update (154 bytes)
Event: 98.506 Thread 0x0000000054c99000 1625   !   4       com.badlogic.gdx.backends.lwjgl.LwjglGraphics::shouldRender (44 bytes)
Event: 98.510 Thread 0x0000000054c99000 nmethod 1625 0x0000000002dbb5d0 code [0x0000000002dbb720, 0x0000000002dbba28]
Event: 98.514 Thread 0x0000000056670800 nmethod 1624 0x0000000002dce6d0 code [0x0000000002dce900, 0x0000000002dcf830]
Event: 101.110 Thread 0x0000000056671800 1626       3       sun.nio.cs.SingleByte::access$000 (10 bytes)
Event: 101.111 Thread 0x0000000056671800 nmethod 1626 0x0000000002da1e50 code [0x0000000002da1fe0, 0x0000000002da2478]
Event: 101.111 Thread 0x0000000056671800 1627       3       sun.nio.cs.SingleByte::withResult (25 bytes)
Event: 101.111 Thread 0x0000000056671800 nmethod 1627 0x0000000002da1710 code [0x0000000002da18a0, 0x0000000002da1cd8]

GC Heap History (4 events):
Event: 2.861 GC heap before
{Heap before GC invocations=1 (full 0):
 PSYoungGen      total 18944K, used 16384K [0x00000000eb400000, 0x00000000ec900000, 0x0000000100000000)
  eden space 16384K, 100% used [0x00000000eb400000,0x00000000ec400000,0x00000000ec400000)
  from space 2560K, 0% used [0x00000000ec680000,0x00000000ec680000,0x00000000ec900000)
  to   space 2560K, 0% used [0x00000000ec400000,0x00000000ec400000,0x00000000ec680000)
 ParOldGen       total 44032K, used 0K [0x00000000c1c00000, 0x00000000c4700000, 0x00000000eb400000)
  object space 44032K, 0% used [0x00000000c1c00000,0x00000000c1c00000,0x00000000c4700000)
 Metaspace       used 9033K, capacity 9171K, committed 9472K, reserved 1058816K
  class space    used 919K, capacity 976K, committed 1024K, reserved 1048576K
Event: 2.870 GC heap after
Heap after GC invocations=1 (full 0):
 PSYoungGen      total 18944K, used 2557K [0x00000000eb400000, 0x00000000ec900000, 0x0000000100000000)
  eden space 16384K, 0% used [0x00000000eb400000,0x00000000eb400000,0x00000000ec400000)
  from space 2560K, 99% used [0x00000000ec400000,0x00000000ec67f590,0x00000000ec680000)
  to   space 2560K, 0% used [0x00000000ec680000,0x00000000ec680000,0x00000000ec900000)
 ParOldGen       total 44032K, used 866K [0x00000000c1c00000, 0x00000000c4700000, 0x00000000eb400000)
  object space 44032K, 1% used [0x00000000c1c00000,0x00000000c1cd8bc0,0x00000000c4700000)
 Metaspace       used 9033K, capacity 9171K, committed 9472K, reserved 1058816K
  class space    used 919K, capacity 976K, committed 1024K, reserved 1048576K
}
Event: 87.844 GC heap before
{Heap before GC invocations=2 (full 0):
 PSYoungGen      total 18944K, used 18941K [0x00000000eb400000, 0x00000000ec900000, 0x0000000100000000)
  eden space 16384K, 100% used [0x00000000eb400000,0x00000000ec400000,0x00000000ec400000)
  from space 2560K, 99% used [0x00000000ec400000,0x00000000ec67f590,0x00000000ec680000)
  to   space 2560K, 0% used [0x00000000ec680000,0x00000000ec680000,0x00000000ec900000)
 ParOldGen       total 44032K, used 866K [0x00000000c1c00000, 0x00000000c4700000, 0x00000000eb400000)
  object space 44032K, 1% used [0x00000000c1c00000,0x00000000c1cd8bc0,0x00000000c4700000)
 Metaspace       used 11128K, capacity 11219K, committed 11392K, reserved 1058816K
  class space    used 1073K, capacity 1104K, committed 1152K, reserved 1048576K
Event: 87.858 GC heap after
Heap after GC invocations=2 (full 0):
 PSYoungGen      total 18944K, used 2528K [0x00000000eb400000, 0x00000000ec900000, 0x0000000100000000)
  eden space 16384K, 0% used [0x00000000eb400000,0x00000000eb400000,0x00000000ec400000)
  from space 2560K, 98% used [0x00000000ec680000,0x00000000ec8f83a0,0x00000000ec900000)
  to   space 2560K, 0% used [0x00000000ec400000,0x00000000ec400000,0x00000000ec680000)
 ParOldGen       total 44032K, used 3297K [0x00000000c1c00000, 0x00000000c4700000, 0x00000000eb400000)
  object space 44032K, 7% used [0x00000000c1c00000,0x00000000c1f38460,0x00000000c4700000)
 Metaspace       used 11128K, capacity 11219K, committed 11392K, reserved 1058816K
  class space    used 1073K, capacity 1104K, committed 1152K, reserved 1048576K
}

Deoptimization events (7 events):
Event: 10.174 Thread 0x0000000056a6d000 Uncommon trap: reason=unreached action=reinterpret pc=0x0000000002bde588 method=com.badlogic.gdx.utils.Array$ArrayIterable.iterator()Ljava/util/Iterator; @ 4
Event: 11.667 Thread 0x0000000056a6d000 Uncommon trap: reason=array_check action=maybe_recompile pc=0x0000000002c4b838 method=com.badlogic.gdx.utils.Array.add(Ljava/lang/Object;)V @ 46
Event: 11.733 Thread 0x0000000056a6d000 Uncommon trap: reason=array_check action=maybe_recompile pc=0x0000000002c4b838 method=com.badlogic.gdx.utils.Array.add(Ljava/lang/Object;)V @ 46
Event: 12.267 Thread 0x0000000056a6d000 Uncommon trap: reason=array_check action=maybe_recompile pc=0x0000000002c4b838 method=com.badlogic.gdx.utils.Array.add(Ljava/lang/Object;)V @ 46
Event: 13.166 Thread 0x0000000056a6d000 Uncommon trap: reason=array_check action=maybe_recompile pc=0x0000000002c4b838 method=com.badlogic.gdx.utils.Array.add(Ljava/lang/Object;)V @ 46
Event: 68.880 Thread 0x0000000056a6d000 Uncommon trap: reason=unreached action=reinterpret pc=0x0000000002be97f0 method=com.badlogic.gdx.utils.Array.iterator()Ljava/util/Iterator; @ 4
Event: 92.079 Thread 0x0000000056a6d000 Uncommon trap: reason=unreached action=reinterpret pc=0x0000000002c9f298 method=Stuff.CoinsStarsRenderer.Draw(Lcom/badlogic/gdx/graphics/g2d/SpriteBatch;)V @ 85

Internal exceptions (10 events):
Event: 10.172 Thread 0x0000000056a6d000 Exception <a 'java/security/PrivilegedActionException'> (0x00000000ebba8cb0) thrown at [D:\re\workspace\8-2-build-windows-amd64-cygwin\jdk8u20\1074\hotspot\src\share\vm\prims\jvm.cpp, line 1275]
Event: 10.174 Thread 0x0000000056a6d000 Implicit null exception at 0x0000000002bde520 to 0x0000000002bde575
Event: 10.175 Thread 0x0000000056a6d000 Exception <a 'java/security/PrivilegedActionException'> (0x00000000ebbada00) thrown at [D:\re\workspace\8-2-build-windows-amd64-cygwin\jdk8u20\1074\hotspot\src\share\vm\prims\jvm.cpp, line 1275]
Event: 65.106 Thread 0x0000000056a6d000 Exception <a 'java/security/PrivilegedActionException'> (0x00000000ebc40998) thrown at [D:\re\workspace\8-2-build-windows-amd64-cygwin\jdk8u20\1074\hotspot\src\share\vm\prims\jvm.cpp, line 1275]
Event: 65.108 Thread 0x0000000056a6d000 Exception <a 'java/security/PrivilegedActionException'> (0x00000000ebc46ff0) thrown at [D:\re\workspace\8-2-build-windows-amd64-cygwin\jdk8u20\1074\hotspot\src\share\vm\prims\jvm.cpp, line 1275]
Event: 65.109 Thread 0x0000000056a6d000 Exception <a 'java/security/PrivilegedActionException'> (0x00000000ebc4be78) thrown at [D:\re\workspace\8-2-build-windows-amd64-cygwin\jdk8u20\1074\hotspot\src\share\vm\prims\jvm.cpp, line 1275]
Event: 68.879 Thread 0x0000000056a6d000 Implicit null exception at 0x0000000002be92a9 to 0x0000000002be97dd
Event: 92.079 Thread 0x0000000056a6d000 Implicit null exception at 0x0000000002c9e24e to 0x0000000002c9f27d
Event: 103.454 Thread 0x0000000056a6d000 Exception <a 'java/security/PrivilegedActionException'> (0x00000000eb7d7d68) thrown at [D:\re\workspace\8-2-build-windows-amd64-cygwin\jdk8u20\1074\hotspot\src\share\vm\prims\jvm.cpp, line 1275]
Event: 103.489 Thread 0x0000000056a6d000 Exception <a 'java/security/PrivilegedActionException'> (0x00000000eb7daf10) thrown at [D:\re\workspace\8-2-build-windows-amd64-cygwin\jdk8u20\1074\hotspot\src\share\vm\prims\jvm.cpp, line 1275]

Events (10 events):
Event: 103.530 loading class java/util/HashMap$Values done
Event: 103.530 loading class java/util/HashMap$ValueIterator
Event: 103.530 loading class java/util/HashMap$ValueIterator done
Event: 103.531 loading class java/util/IdentityHashMap$KeySet
Event: 103.531 loading class java/util/IdentityHashMap$KeySet done
Event: 103.531 loading class java/util/IdentityHashMap$KeyIterator
Event: 103.533 loading class java/util/IdentityHashMap$IdentityHashMapIterator
Event: 103.533 loading class java/util/IdentityHashMap$IdentityHashMapIterator done
Event: 103.534 loading class java/util/IdentityHashMap$KeyIterator done
Event: 103.534 Executing VM operation: Exit


Dynamic libraries:
0x000000013f760000 - 0x000000013f794000 	C:\Program Files\Java\jre1.8.0_20\bin\javaw.exe
0x0000000077550000 - 0x00000000776f8000 	C:\Windows\SYSTEM32\ntdll.dll
0x0000000077430000 - 0x000000007754f000 	C:\Windows\system32\kernel32.dll
0x000007fefd5c0000 - 0x000007fefd62c000 	C:\Windows\system32\KERNELBASE.dll
0x000007fefdfa0000 - 0x000007fefe07b000 	C:\Windows\system32\ADVAPI32.dll
0x000007fefdd70000 - 0x000007fefde0f000 	C:\Windows\system32\msvcrt.dll
0x000007feff0c0000 - 0x000007feff0df000 	C:\Windows\SYSTEM32\sechost.dll
0x000007fefde10000 - 0x000007fefdf3d000 	C:\Windows\system32\RPCRT4.dll
0x0000000077330000 - 0x000000007742a000 	C:\Windows\system32\USER32.dll
0x000007feff520000 - 0x000007feff587000 	C:\Windows\system32\GDI32.dll
0x000007feff510000 - 0x000007feff51e000 	C:\Windows\system32\LPK.dll
0x000007fefd8c0000 - 0x000007fefd989000 	C:\Windows\system32\USP10.dll
0x000007fefb9d0000 - 0x000007fefbbc4000 	C:\Windows\WinSxS\amd64_microsoft.windows.common-controls_6595b64144ccf1df_6.0.7601.17514_none_fa396087175ac9ac\COMCTL32.dll
0x000007fefefa0000 - 0x000007feff011000 	C:\Windows\system32\SHLWAPI.dll
0x000007fefe080000 - 0x000007fefe0ae000 	C:\Windows\system32\IMM32.DLL
0x000007feff400000 - 0x000007feff509000 	C:\Windows\system32\MSCTF.dll
0x000000006ea50000 - 0x000000006eb22000 	C:\Program Files\Java\jre1.8.0_20\bin\msvcr100.dll
0x000000005e1f0000 - 0x000000005ea48000 	C:\Program Files\Java\jre1.8.0_20\bin\server\jvm.dll
0x000007fef2a20000 - 0x000007fef2a29000 	C:\Windows\system32\WSOCK32.dll
0x000007feff2f0000 - 0x000007feff33d000 	C:\Windows\system32\WS2_32.dll
0x000007fefd8b0000 - 0x000007fefd8b8000 	C:\Windows\system32\NSI.dll
0x000007fefb130000 - 0x000007fefb16b000 	C:\Windows\system32\WINMM.dll
0x0000000077720000 - 0x0000000077727000 	C:\Windows\system32\PSAPI.DLL
0x000000006e850000 - 0x000000006e85f000 	C:\Program Files\Java\jre1.8.0_20\bin\verify.dll
0x000000006bfb0000 - 0x000000006bfd8000 	C:\Program Files\Java\jre1.8.0_20\bin\java.dll
0x000000006ece0000 - 0x000000006ecf6000 	C:\Program Files\Java\jre1.8.0_20\bin\zip.dll
0x000007fefe130000 - 0x000007fefeeb9000 	C:\Windows\system32\SHELL32.dll
0x000007feff0e0000 - 0x000007feff2e3000 	C:\Windows\system32\ole32.dll
0x000007fefd320000 - 0x000007fefd32f000 	C:\Windows\system32\profapi.dll
0x0000000065580000 - 0x0000000065616000 	C:\Users\Browsing\AppData\Local\Temp\libgdxBrowsing\a914e087\gdx64.dll
0x000007fefcb10000 - 0x000007fefcb28000 	C:\Windows\system32\CRYPTSP.dll
0x000007fefc810000 - 0x000007fefc857000 	C:\Windows\system32\rsaenh.dll
0x000007fefd4e0000 - 0x000007fefd4fe000 	C:\Windows\system32\USERENV.dll
0x000007fefd170000 - 0x000007fefd17f000 	C:\Windows\system32\CRYPTBASE.dll
0x000000006ec50000 - 0x000000006ec6a000 	C:\Program Files\Java\jre1.8.0_20\bin\net.dll
0x000007fefcab0000 - 0x000007fefcb05000 	C:\Windows\system32\mswsock.dll
0x000007fefcaa0000 - 0x000007fefcaa7000 	C:\Windows\System32\wship6.dll
0x000007fefa4c0000 - 0x000007fefa4e7000 	C:\Windows\system32\IPHLPAPI.DLL
0x000007fefa4b0000 - 0x000007fefa4bb000 	C:\Windows\system32\WINNSI.DLL
0x000007fefa340000 - 0x000007fefa351000 	C:\Windows\system32\dhcpcsvc6.DLL
0x000007fefa2a0000 - 0x000007fefa2b8000 	C:\Windows\system32\dhcpcsvc.DLL
0x000000006ec10000 - 0x000000006ec21000 	C:\Program Files\Java\jre1.8.0_20\bin\nio.dll
0x0000000180000000 - 0x0000000180053000 	C:\Users\Browsing\AppData\Local\Temp\libgdxBrowsing\dc0f0009\lwjgl64.dll
0x000007feee590000 - 0x000007feee6ad000 	C:\Windows\system32\OPENGL32.dll
0x000007fef1240000 - 0x000007fef126d000 	C:\Windows\system32\GLU32.dll
0x000007feee0e0000 - 0x000007feee1d1000 	C:\Windows\system32\DDRAW.dll
0x000007fef3050000 - 0x000007fef3058000 	C:\Windows\system32\DCIMAN32.dll
0x000007fefd6d0000 - 0x000007fefd8a7000 	C:\Windows\system32\SETUPAPI.dll
0x000007fefd670000 - 0x000007fefd6a6000 	C:\Windows\system32\CFGMGR32.dll
0x000007fefeec0000 - 0x000007fefef97000 	C:\Windows\system32\OLEAUT32.dll
0x000007fefd4c0000 - 0x000007fefd4da000 	C:\Windows\system32\DEVOBJ.dll
0x000007fefb520000 - 0x000007fefb538000 	C:\Windows\system32\dwmapi.dll
0x000007fefc400000 - 0x000007fefc40c000 	C:\Windows\system32\VERSION.dll
0x0000000001bb0000 - 0x0000000001c14000 	C:\Users\Browsing\AppData\Local\Temp\libgdxBrowsing\dc0f0009\OpenAL64.dll
0x000007fefb900000 - 0x000007fefb956000 	C:\Windows\system32\uxtheme.dll
0x000007feea720000 - 0x000007feea7ec000 	C:\Program Files (x86)\PlayClaw3\PLAYCLAWHOOK64.dll
0x000007feff340000 - 0x000007feff3d9000 	C:\Windows\system32\CLBCatQ.DLL
0x000007fefbe20000 - 0x000007fefbf4c000 	C:\Windows\System32\PROPSYS.dll
0x000007fefd630000 - 0x000007fefd66b000 	C:\Windows\system32\WINTRUST.dll
0x000007fefd350000 - 0x000007fefd4bd000 	C:\Windows\system32\CRYPT32.dll
0x000007fefd310000 - 0x000007fefd31f000 	C:\Windows\system32\MSASN1.dll
0x000007fef61a0000 - 0x000007fef6228000 	C:\Windows\system32\dsound.dll
0x000007fefc180000 - 0x000007fefc1ac000 	C:\Windows\system32\POWRPROF.dll
0x000007fefc130000 - 0x000007fefc17b000 	C:\Windows\System32\MMDevApi.dll
0x000007fefae50000 - 0x000007fefae9f000 	C:\Windows\system32\AUDIOSES.DLL
0x000007feeb0b0000 - 0x000007feeb0e7000 	D:\LeapDeveloperKit_2.2.2+24469_win\LeapSDK\lib\x64\LeapJava.dll
0x000007fef94f0000 - 0x000007fef9596000 	C:\Windows\system32\MSVCP120.dll
0x000007fef9400000 - 0x000007fef94ef000 	C:\Windows\system32\MSVCR120.dll
0x000007fee69f0000 - 0x000007fee6b5b000 	D:\LeapDeveloperKit_2.2.2+24469_win\LeapSDK\lib\x64\Leap.dll
0x000007fefb340000 - 0x000007fefb36d000 	C:\Windows\system32\ntmarta.dll
0x000007fefdf40000 - 0x000007fefdf92000 	C:\Windows\system32\WLDAP32.dll
0x0000000059930000 - 0x000000005a0fa000 	C:\Windows\system32\ig7icd64.dll
0x000007fef6a10000 - 0x000007fef6e62000 	C:\Windows\system32\igdusc64.dll
0x000007feeaaa0000 - 0x000007feeab3c000 	C:\Windows\system32\mscms.dll
0x000007feec9f0000 - 0x000007feeca32000 	C:\Windows\system32\icm32.dll
0x0000000056090000 - 0x000000005614b000 	C:\Users\Browsing\AppData\Local\Temp\libgdxBrowsing\e0574a22\gdx-box2d64.dll
0x000007fef92d0000 - 0x000007fef93f5000 	C:\Windows\system32\dbghelp.dll

VM Arguments:
jvm_args: -Djava.library.path=D:\LeapDeveloperKit_2.2.2+24469_win\LeapSDK\lib\x64 -Dfile.encoding=Cp1252 
java_command: GameMain
java_class_path (initial): C:\Users\Paul\workspace\Leap Game Desktop\bin;C:\Users\Paul\workspace\Leap Game Desktop\libs\gdx-backend-lwjgl-natives.jar;C:\Users\Paul\workspace\Leap Game Desktop\libs\gdx-backend-lwjgl.jar;C:\Users\Paul\workspace\Leap Game Desktop\libs\gdx-natives.jar;C:\Users\Paul\workspace\Leap Game Core\bin;D:\LeapDeveloperKit_2.2.2+24469_win\LeapSDK\lib\LeapJava.jar;C:\Users\Paul\workspace\Leap Game Core\libs\gdx.jar;C:\Users\Paul\workspace\Leap Game Core\libs\gdx-box2d.jar;C:\Users\Paul\workspace\Leap Game Desktop\libs\gdx-box2d-natives.jar
Launcher Type: SUN_STANDARD

Environment Variables:
JAVA_HOME=C:\Program Files\Java\jdk1.8.0_20
PATH=C:\ProgramData\Oracle\Java\javapath;C:\Program Files (x86)\Intel\TXE Components\TCS\;C:\Program Files\Intel\TXE Components\TCS\;C:\Windows\system32;C:\Windows;C:\Windows\System32\Wbem;C:\Windows\System32\WindowsPowerShell\v1.0\;C:\Program Files (x86)\Git\cmd;C:\Program Files\Java\jdk1.8.0_20\bin;C:\Program Files (x86)\Windows Kits\8.1\Windows Performance Toolkit\;C:\Program Files\Microsoft SQL Server\110\Tools\Binn\;C:\Program Files (x86)\Microsoft SDKs\TypeScript\1.0\;C:\Program Files\Microsoft SQL Server\120\Tools\Binn\
USERNAME=Browsing
OS=Windows_NT
PROCESSOR_IDENTIFIER=Intel64 Family 6 Model 55 Stepping 3, GenuineIntel



---------------  S Y S T E M  ---------------

OS: Windows 7 , 64 bit Build 7601 Service Pack 1

CPU:total 4 (4 cores per cpu, 1 threads per core) family 6 model 55 stepping 3, cmov, cx8, fxsr, mmx, sse, sse2, sse3, ssse3, sse4.1, sse4.2, popcnt, clmul, erms, tsc, tscinvbit

Memory: 4k page, physical 4077940k(1476796k free), swap 8154028k(5079996k free)

vm_info: Java HotSpot(TM) 64-Bit Server VM (25.20-b23) for windows-amd64 JRE (1.8.0_20-b26), built on Jul 30 2014 13:51:23 by "java_re" with MS VC++ 10.0 (VS2010)

time: Tue May 05 17:32:17 2015
elapsed time: 103 seconds (0d 0h 1m 43s)

