#
# A fatal error has been detected by the Java Runtime Environment:
#
#  EXCEPTION_ACCESS_VIOLATION (0xc0000005) at pc=0x0000000000000000, pid=3616, tid=4288
#
# JRE version: Java(TM) SE Runtime Environment (8.0_20-b26) (build 1.8.0_20-b26)
# Java VM: Java HotSpot(TM) 64-Bit Server VM (25.20-b23 mixed mode windows-amd64 compressed oops)
# Problematic frame:
# C  0x0000000000000000
#
# Failed to write core dump. Minidumps are not enabled by default on client versions of Windows
#
# If you would like to submit a bug report, please visit:
#   http://bugreport.sun.com/bugreport/crash.jsp
#

---------------  T H R E A D  ---------------

Current thread (0x0000000054ee5000):  VMThread [stack: 0x0000000055f00000,0x0000000056000000] [id=4288]

siginfo: ExceptionCode=0xc0000005, ExceptionInformation=0x0000000000000008 0x0000000000000000

Registers:
RAX=0x000007feea7b7758, RBX=0x00000000575eca80, RCX=0x0000000000000de1, RDX=0x0000000000000001
RSP=0x0000000055ffee38, RBP=0x00000000576fd3f0, RSI=0x00000000575eca80, RDI=0x00000000575eca80
R8 =0x000007feea7cad08, R9 =0x0000000000000028, R10=0xe453776655403e2d, R11=0x0000000055ffee80
R12=0x000007feea720000, R13=0x000007fffffac000, R14=0x0000000077682bc0, R15=0x000000007767d670
RIP=0x0000000000000000, EFLAGS=0x0000000000010213

Top of Stack: (sp=0x0000000055ffee38)
0x0000000055ffee38:   000007feea7387e8 000000000000002d
0x0000000055ffee48:   0000000077682bc0 0000000000000000
0x0000000055ffee58:   00000000575eca80 fffffffffffffffe
0x0000000055ffee68:   000007feea7cace0 00000000575eca80
0x0000000055ffee78:   000007feea738794 00000000575eca80
0x0000000055ffee88:   0000000000000001 000007fffffac000
0x0000000055ffee98:   000007feea720000 0000000000000002
0x0000000055ffeea8:   000007feea72acf9 00000000576fd3f0
0x0000000055ffeeb8:   00000000576fd3f0 00000000575eca80
0x0000000055ffeec8:   00000000575e8860 0000000000000000
0x0000000055ffeed8:   0000000077682bc0 0000000000000001
0x0000000055ffeee8:   000007feea72ac42 00000000575eca80
0x0000000055ffeef8:   00000000576fd3f0 000007fffffac000
0x0000000055ffef08:   000007feea720000 00000000575e8860
0x0000000055ffef18:   000007feea72ace7 000007fffffac000
0x0000000055ffef28:   00000000576fd3f0 00000000575e8860 

Instructions: (pc=0x0000000000000000)
0xffffffffffffffe0:   


Register to memory mapping:

RAX=0x000007feea7b7758 is an unknown value
RBX=0x00000000575eca80 is an unknown value
RCX=0x0000000000000de1 is an unknown value
RDX=0x0000000000000001 is an unknown value
RSP=0x0000000055ffee38 is an unknown value
RBP=0x00000000576fd3f0 is an unknown value
RSI=0x00000000575eca80 is an unknown value
RDI=0x00000000575eca80 is an unknown value
R8 =0x000007feea7cad08 is an unknown value
R9 =0x0000000000000028 is an unknown value
R10=0xe453776655403e2d is an unknown value
R11=0x0000000055ffee80 is an unknown value
R12=0x000007feea720000 is an unknown value
R13=0x000007fffffac000 is an unknown value
R14=0x0000000077682bc0 is an unknown value
R15=0x000000007767d670 is an unknown value


Stack: [0x0000000055f00000,0x0000000056000000],  sp=0x0000000055ffee38,  free space=1019k
Native frames: (J=compiled Java code, j=interpreted, Vv=VM code, C=native code)

VM_Operation (0x000000005887ee00): Exit, mode: safepoint, requested by thread 0x0000000056895800


---------------  P R O C E S S  ---------------

Java Threads: ( => current thread )
  0x0000000058282000 JavaThread "LWJGL Timer" daemon [_thread_blocked, id=1060, stack(0x000000005d790000,0x000000005d890000)]
  0x00000000582c7800 JavaThread "AsynchExecutor-Thread" daemon [_thread_blocked, id=3036, stack(0x000000005edc0000,0x000000005eec0000)]
  0x000000005820c000 JavaThread "AsynchExecutor-Thread" daemon [_thread_blocked, id=4728, stack(0x0000000060270000,0x0000000060370000)]
  0x000000005820a000 JavaThread "AsynchExecutor-Thread" daemon [_thread_blocked, id=4964, stack(0x000000005fb90000,0x000000005fc90000)]
  0x00000000580e2000 JavaThread "AsynchExecutor-Thread" daemon [_thread_blocked, id=2912, stack(0x000000005fd40000,0x000000005fe40000)]
  0x00000000580e5000 JavaThread "AsynchExecutor-Thread" daemon [_thread_blocked, id=5456, stack(0x000000005f460000,0x000000005f560000)]
  0x00000000580da800 JavaThread "AsynchExecutor-Thread" daemon [_thread_blocked, id=4184, stack(0x000000005dec0000,0x000000005dfc0000)]
  0x0000000056895800 JavaThread "LWJGL Application" [_thread_blocked, id=4720, stack(0x0000000058780000,0x0000000058880000)]
  0x00000000565cf000 JavaThread "Service Thread" daemon [_thread_blocked, id=1008, stack(0x0000000056fb0000,0x00000000570b0000)]
  0x000000005655b000 JavaThread "C1 CompilerThread2" daemon [_thread_blocked, id=628, stack(0x0000000056dc0000,0x0000000056ec0000)]
  0x0000000054f5e800 JavaThread "C2 CompilerThread1" daemon [_thread_blocked, id=4408, stack(0x0000000056ba0000,0x0000000056ca0000)]
  0x0000000054f58000 JavaThread "C2 CompilerThread0" daemon [_thread_blocked, id=4116, stack(0x0000000056990000,0x0000000056a90000)]
  0x0000000054f52800 JavaThread "Attach Listener" daemon [_thread_blocked, id=4816, stack(0x0000000056440000,0x0000000056540000)]
  0x0000000054f51800 JavaThread "Signal Dispatcher" daemon [_thread_blocked, id=1908, stack(0x0000000056030000,0x0000000056130000)]
  0x0000000054eec000 JavaThread "Finalizer" daemon [_thread_blocked, id=3940, stack(0x00000000562b0000,0x00000000563b0000)]
  0x0000000054ee9000 JavaThread "Reference Handler" daemon [_thread_blocked, id=168, stack(0x0000000056150000,0x0000000056250000)]
  0x00000000021be000 JavaThread "main" [_thread_blocked, id=4336, stack(0x00000000021d0000,0x00000000022d0000)]

Other Threads:
=>0x0000000054ee5000 VMThread [stack: 0x0000000055f00000,0x0000000056000000] [id=4288]

VM state:at safepoint (shutting down)

VM Mutex/Monitor currently owned by a thread:  ([mutex/lock_event])
[0x00000000021bc120] Threads_lock - owner thread: 0x0000000054ee5000

Heap:
 PSYoungGen      total 18944K, used 14257K [0x00000000eb400000, 0x00000000ec900000, 0x0000000100000000)
  eden space 16384K, 71% used [0x00000000eb400000,0x00000000ebf70f78,0x00000000ec400000)
  from space 2560K, 99% used [0x00000000ec400000,0x00000000ec67b5a0,0x00000000ec680000)
  to   space 2560K, 0% used [0x00000000ec680000,0x00000000ec680000,0x00000000ec900000)
 ParOldGen       total 44032K, used 889K [0x00000000c1c00000, 0x00000000c4700000, 0x00000000eb400000)
  object space 44032K, 2% used [0x00000000c1c00000,0x00000000c1cde630,0x00000000c4700000)
 Metaspace       used 11859K, capacity 11955K, committed 12288K, reserved 1060864K
  class space    used 1174K, capacity 1200K, committed 1280K, reserved 1048576K

Card table byte_map: [0x0000000011a80000,0x0000000011c80000] byte_map_base: 0x0000000011472000

Marking Bits: (ParMarkBitMap*) 0x000000005e9cb460
 Begin Bits: [0x0000000012440000, 0x00000000133d0000)
 End Bits:   [0x00000000133d0000, 0x0000000014360000)

Polling page: 0x0000000000420000

CodeCache: size=245760Kb used=6398Kb max_used=6418Kb free=239361Kb
 bounds [0x00000000026c0000, 0x0000000002d10000, 0x00000000116c0000]
 total_blobs=2186 nmethods=1642 adapters=459
 compilation: enabled

Compilation events (10 events):
Event: 1033.395 Thread 0x000000005655b000 1649   !   3       com.badlogic.gdx.backends.lwjgl.LwjglApplication::mainLoop (862 bytes)
Event: 1033.417 Thread 0x000000005655b000 nmethod 1649 0x0000000002cf3910 code [0x0000000002cf4400, 0x0000000002cfb388]
Event: 1034.012 Thread 0x0000000054f58000 1650   !   4       org.lwjgl.opengl.Display::isFullscreen (34 bytes)
Event: 1034.015 Thread 0x0000000054f58000 nmethod 1650 0x0000000002ccfbd0 code [0x0000000002ccfd20, 0x0000000002ccff78]
Event: 1050.432 Thread 0x0000000054f5e800 1651   !   4       org.lwjgl.opengl.Sync::sync (125 bytes)
Event: 1050.432 Thread 0x0000000054f58000 1652       4       org.lwjgl.opengl.Sync$RunningAvg::dampenForLowResTicker (42 bytes)
Event: 1050.442 Thread 0x0000000054f58000 nmethod 1652 0x0000000002cde9d0 code [0x0000000002cdeb80, 0x0000000002cdef18]
Event: 1050.469 Thread 0x0000000054f5e800 nmethod 1651 0x0000000002cce0d0 code [0x0000000002cce360, 0x0000000002ccef10]
Event: 1701.424 Thread 0x0000000054f58000 1653 % !   4       com.badlogic.gdx.backends.lwjgl.LwjglApplication::mainLoop @ 71 (862 bytes)
Event: 1701.656 Thread 0x0000000054f58000 nmethod 1653% 0x0000000002d05190 code [0x0000000002d05700, 0x0000000002d096b0]

GC Heap History (2 events):
Event: 2.411 GC heap before
{Heap before GC invocations=1 (full 0):
 PSYoungGen      total 18944K, used 16384K [0x00000000eb400000, 0x00000000ec900000, 0x0000000100000000)
  eden space 16384K, 100% used [0x00000000eb400000,0x00000000ec400000,0x00000000ec400000)
  from space 2560K, 0% used [0x00000000ec680000,0x00000000ec680000,0x00000000ec900000)
  to   space 2560K, 0% used [0x00000000ec400000,0x00000000ec400000,0x00000000ec680000)
 ParOldGen       total 44032K, used 0K [0x00000000c1c00000, 0x00000000c4700000, 0x00000000eb400000)
  object space 44032K, 0% used [0x00000000c1c00000,0x00000000c1c00000,0x00000000c4700000)
 Metaspace       used 9047K, capacity 9171K, committed 9472K, reserved 1058816K
  class space    used 919K, capacity 976K, committed 1024K, reserved 1048576K
Event: 2.420 GC heap after
Heap after GC invocations=1 (full 0):
 PSYoungGen      total 18944K, used 2541K [0x00000000eb400000, 0x00000000ec900000, 0x0000000100000000)
  eden space 16384K, 0% used [0x00000000eb400000,0x00000000eb400000,0x00000000ec400000)
  from space 2560K, 99% used [0x00000000ec400000,0x00000000ec67b5a0,0x00000000ec680000)
  to   space 2560K, 0% used [0x00000000ec680000,0x00000000ec680000,0x00000000ec900000)
 ParOldGen       total 44032K, used 889K [0x00000000c1c00000, 0x00000000c4700000, 0x00000000eb400000)
  object space 44032K, 2% used [0x00000000c1c00000,0x00000000c1cde630,0x00000000c4700000)
 Metaspace       used 9047K, capacity 9171K, committed 9472K, reserved 1058816K
  class space    used 919K, capacity 976K, committed 1024K, reserved 1048576K
}

Deoptimization events (10 events):
Event: 521.942 Thread 0x0000000056895800 Uncommon trap: reason=class_check action=maybe_recompile pc=0x0000000002c55b34 method=com.badlogic.gdx.physics.box2d.World.postSolve(JJ)V @ 35
Event: 522.442 Thread 0x0000000056895800 Uncommon trap: reason=class_check action=maybe_recompile pc=0x0000000002c57cf4 method=com.badlogic.gdx.physics.box2d.World.preSolve(JJ)V @ 35
Event: 522.442 Thread 0x0000000056895800 Uncommon trap: reason=class_check action=maybe_recompile pc=0x0000000002c55b34 method=com.badlogic.gdx.physics.box2d.World.postSolve(JJ)V @ 35
Event: 522.709 Thread 0x0000000056895800 Uncommon trap: reason=class_check action=maybe_recompile pc=0x0000000002c57cf4 method=com.badlogic.gdx.physics.box2d.World.preSolve(JJ)V @ 35
Event: 522.709 Thread 0x0000000056895800 Uncommon trap: reason=class_check action=maybe_recompile pc=0x0000000002c55b34 method=com.badlogic.gdx.physics.box2d.World.postSolve(JJ)V @ 35
Event: 526.542 Thread 0x0000000056895800 Uncommon trap: reason=class_check action=maybe_recompile pc=0x0000000002cb2198 method=com.badlogic.gdx.backends.lwjgl.LwjglInput.processEvents()V @ 308
Event: 531.359 Thread 0x0000000056895800 Uncommon trap: reason=class_check action=maybe_recompile pc=0x0000000002cb2198 method=com.badlogic.gdx.backends.lwjgl.LwjglInput.processEvents()V @ 308
Event: 534.276 Thread 0x0000000056895800 Uncommon trap: reason=bimorphic action=maybe_recompile pc=0x0000000002cd1a14 method=com.badlogic.gdx.backends.lwjgl.LwjglInput.processEvents()V @ 98
Event: 534.329 Thread 0x0000000056895800 Uncommon trap: reason=bimorphic action=maybe_recompile pc=0x0000000002cd19f0 method=com.badlogic.gdx.backends.lwjgl.LwjglInput.processEvents()V @ 113
Event: 540.009 Thread 0x0000000056895800 Uncommon trap: reason=bimorphic action=maybe_recompile pc=0x0000000002cd1a14 method=com.badlogic.gdx.backends.lwjgl.LwjglInput.processEvents()V @ 98

Internal exceptions (10 events):
Event: 18.030 Thread 0x0000000056895800 Exception <a 'java/security/PrivilegedActionException'> (0x00000000ebdfc2b0) thrown at [D:\re\workspace\8-2-build-windows-amd64-cygwin\jdk8u20\1074\hotspot\src\share\vm\prims\jvm.cpp, line 1275]
Event: 18.032 Thread 0x0000000056895800 Implicit null exception at 0x0000000002ba7760 to 0x0000000002ba77b5
Event: 18.032 Thread 0x0000000056895800 Exception <a 'java/security/PrivilegedActionException'> (0x00000000ebe01a88) thrown at [D:\re\workspace\8-2-build-windows-amd64-cygwin\jdk8u20\1074\hotspot\src\share\vm\prims\jvm.cpp, line 1275]
Event: 221.605 Thread 0x0000000056895800 Exception <a 'java/security/PrivilegedActionException'> (0x00000000ebe58fe8) thrown at [D:\re\workspace\8-2-build-windows-amd64-cygwin\jdk8u20\1074\hotspot\src\share\vm\prims\jvm.cpp, line 1275]
Event: 221.607 Thread 0x0000000056895800 Exception <a 'java/security/PrivilegedActionException'> (0x00000000ebe5f640) thrown at [D:\re\workspace\8-2-build-windows-amd64-cygwin\jdk8u20\1074\hotspot\src\share\vm\prims\jvm.cpp, line 1275]
Event: 221.607 Thread 0x0000000056895800 Exception <a 'java/security/PrivilegedActionException'> (0x00000000ebe644c8) thrown at [D:\re\workspace\8-2-build-windows-amd64-cygwin\jdk8u20\1074\hotspot\src\share\vm\prims\jvm.cpp, line 1275]
Event: 222.488 Thread 0x0000000056895800 Exception <a 'java/security/PrivilegedActionException'> (0x00000000ebea8a00) thrown at [D:\re\workspace\8-2-build-windows-amd64-cygwin\jdk8u20\1074\hotspot\src\share\vm\prims\jvm.cpp, line 1275]
Event: 222.491 Thread 0x0000000056895800 Exception <a 'java/security/PrivilegedActionException'> (0x00000000ebeb0550) thrown at [D:\re\workspace\8-2-build-windows-amd64-cygwin\jdk8u20\1074\hotspot\src\share\vm\prims\jvm.cpp, line 1275]
Event: 1754.381 Thread 0x0000000056895800 Exception <a 'java/security/PrivilegedActionException'> (0x00000000ebf3ec68) thrown at [D:\re\workspace\8-2-build-windows-amd64-cygwin\jdk8u20\1074\hotspot\src\share\vm\prims\jvm.cpp, line 1275]
Event: 1754.406 Thread 0x0000000056895800 Exception <a 'java/security/PrivilegedActionException'> (0x00000000ebf41e10) thrown at [D:\re\workspace\8-2-build-windows-amd64-cygwin\jdk8u20\1074\hotspot\src\share\vm\prims\jvm.cpp, line 1275]

Events (10 events):
Event: 1754.451 loading class java/util/HashMap$Values done
Event: 1754.451 loading class java/util/HashMap$ValueIterator
Event: 1754.451 loading class java/util/HashMap$ValueIterator done
Event: 1754.452 loading class java/util/IdentityHashMap$KeySet
Event: 1754.453 loading class java/util/IdentityHashMap$KeySet done
Event: 1754.453 loading class java/util/IdentityHashMap$KeyIterator
Event: 1754.453 loading class java/util/IdentityHashMap$IdentityHashMapIterator
Event: 1754.453 loading class java/util/IdentityHashMap$IdentityHashMapIterator done
Event: 1754.453 loading class java/util/IdentityHashMap$KeyIterator done
Event: 1754.454 Executing VM operation: Exit


Dynamic libraries:
0x000000013f760000 - 0x000000013f794000 	C:\Program Files\Java\jre1.8.0_20\bin\javaw.exe
0x0000000077550000 - 0x00000000776f8000 	C:\Windows\SYSTEM32\ntdll.dll
0x0000000077430000 - 0x000000007754f000 	C:\Windows\system32\kernel32.dll
0x000007fefd5c0000 - 0x000007fefd62c000 	C:\Windows\system32\KERNELBASE.dll
0x000007fefdfa0000 - 0x000007fefe07b000 	C:\Windows\system32\ADVAPI32.dll
0x000007fefdd70000 - 0x000007fefde0f000 	C:\Windows\system32\msvcrt.dll
0x000007feff0c0000 - 0x000007feff0df000 	C:\Windows\SYSTEM32\sechost.dll
0x000007fefde10000 - 0x000007fefdf3d000 	C:\Windows\system32\RPCRT4.dll
0x0000000077330000 - 0x000000007742a000 	C:\Windows\system32\USER32.dll
0x000007feff520000 - 0x000007feff587000 	C:\Windows\system32\GDI32.dll
0x000007feff510000 - 0x000007feff51e000 	C:\Windows\system32\LPK.dll
0x000007fefd8c0000 - 0x000007fefd989000 	C:\Windows\system32\USP10.dll
0x000007fefb9d0000 - 0x000007fefbbc4000 	C:\Windows\WinSxS\amd64_microsoft.windows.common-controls_6595b64144ccf1df_6.0.7601.17514_none_fa396087175ac9ac\COMCTL32.dll
0x000007fefefa0000 - 0x000007feff011000 	C:\Windows\system32\SHLWAPI.dll
0x000007fefe080000 - 0x000007fefe0ae000 	C:\Windows\system32\IMM32.DLL
0x000007feff400000 - 0x000007feff509000 	C:\Windows\system32\MSCTF.dll
0x000000006ea50000 - 0x000000006eb22000 	C:\Program Files\Java\jre1.8.0_20\bin\msvcr100.dll
0x000000005e1f0000 - 0x000000005ea48000 	C:\Program Files\Java\jre1.8.0_20\bin\server\jvm.dll
0x000007fef2a20000 - 0x000007fef2a29000 	C:\Windows\system32\WSOCK32.dll
0x000007feff2f0000 - 0x000007feff33d000 	C:\Windows\system32\WS2_32.dll
0x000007fefd8b0000 - 0x000007fefd8b8000 	C:\Windows\system32\NSI.dll
0x000007fefb130000 - 0x000007fefb16b000 	C:\Windows\system32\WINMM.dll
0x0000000077720000 - 0x0000000077727000 	C:\Windows\system32\PSAPI.DLL
0x000000006e850000 - 0x000000006e85f000 	C:\Program Files\Java\jre1.8.0_20\bin\verify.dll
0x000000006bfb0000 - 0x000000006bfd8000 	C:\Program Files\Java\jre1.8.0_20\bin\java.dll
0x000000006ece0000 - 0x000000006ecf6000 	C:\Program Files\Java\jre1.8.0_20\bin\zip.dll
0x000007fefe130000 - 0x000007fefeeb9000 	C:\Windows\system32\SHELL32.dll
0x000007feff0e0000 - 0x000007feff2e3000 	C:\Windows\system32\ole32.dll
0x000007fefd320000 - 0x000007fefd32f000 	C:\Windows\system32\profapi.dll
0x0000000065580000 - 0x0000000065616000 	C:\Users\Browsing\AppData\Local\Temp\libgdxBrowsing\a914e087\gdx64.dll
0x000007fefcb10000 - 0x000007fefcb28000 	C:\Windows\system32\CRYPTSP.dll
0x000007fefc810000 - 0x000007fefc857000 	C:\Windows\system32\rsaenh.dll
0x000007fefd4e0000 - 0x000007fefd4fe000 	C:\Windows\system32\USERENV.dll
0x000007fefd170000 - 0x000007fefd17f000 	C:\Windows\system32\CRYPTBASE.dll
0x000000006ec50000 - 0x000000006ec6a000 	C:\Program Files\Java\jre1.8.0_20\bin\net.dll
0x000007fefcab0000 - 0x000007fefcb05000 	C:\Windows\system32\mswsock.dll
0x000007fefcaa0000 - 0x000007fefcaa7000 	C:\Windows\System32\wship6.dll
0x000007fefa4c0000 - 0x000007fefa4e7000 	C:\Windows\system32\IPHLPAPI.DLL
0x000007fefa4b0000 - 0x000007fefa4bb000 	C:\Windows\system32\WINNSI.DLL
0x000007fefa340000 - 0x000007fefa351000 	C:\Windows\system32\dhcpcsvc6.DLL
0x000007fefa2a0000 - 0x000007fefa2b8000 	C:\Windows\system32\dhcpcsvc.DLL
0x000000006ec10000 - 0x000000006ec21000 	C:\Program Files\Java\jre1.8.0_20\bin\nio.dll
0x0000000180000000 - 0x0000000180053000 	C:\Users\Browsing\AppData\Local\Temp\libgdxBrowsing\dc0f0009\lwjgl64.dll
0x000007feee590000 - 0x000007feee6ad000 	C:\Windows\system32\OPENGL32.dll
0x000007fef1240000 - 0x000007fef126d000 	C:\Windows\system32\GLU32.dll
0x000007feee0e0000 - 0x000007feee1d1000 	C:\Windows\system32\DDRAW.dll
0x000007fef3050000 - 0x000007fef3058000 	C:\Windows\system32\DCIMAN32.dll
0x000007fefd6d0000 - 0x000007fefd8a7000 	C:\Windows\system32\SETUPAPI.dll
0x000007fefd670000 - 0x000007fefd6a6000 	C:\Windows\system32\CFGMGR32.dll
0x000007fefeec0000 - 0x000007fefef97000 	C:\Windows\system32\OLEAUT32.dll
0x000007fefd4c0000 - 0x000007fefd4da000 	C:\Windows\system32\DEVOBJ.dll
0x000007fefb520000 - 0x000007fefb538000 	C:\Windows\system32\dwmapi.dll
0x000007fefc400000 - 0x000007fefc40c000 	C:\Windows\system32\VERSION.dll
0x0000000002110000 - 0x0000000002174000 	C:\Users\Browsing\AppData\Local\Temp\libgdxBrowsing\dc0f0009\OpenAL64.dll
0x000007fefb900000 - 0x000007fefb956000 	C:\Windows\system32\uxtheme.dll
0x000007feea720000 - 0x000007feea7ec000 	C:\Program Files (x86)\PlayClaw3\PLAYCLAWHOOK64.dll
0x000007feff340000 - 0x000007feff3d9000 	C:\Windows\system32\CLBCatQ.DLL
0x000007fefbe20000 - 0x000007fefbf4c000 	C:\Windows\System32\PROPSYS.dll
0x000007fefd630000 - 0x000007fefd66b000 	C:\Windows\system32\WINTRUST.dll
0x000007fefd350000 - 0x000007fefd4bd000 	C:\Windows\system32\CRYPT32.dll
0x000007fefd310000 - 0x000007fefd31f000 	C:\Windows\system32\MSASN1.dll
0x000007fef61a0000 - 0x000007fef6228000 	C:\Windows\system32\dsound.dll
0x000007fefc180000 - 0x000007fefc1ac000 	C:\Windows\system32\POWRPROF.dll
0x000007fefc130000 - 0x000007fefc17b000 	C:\Windows\System32\MMDevApi.dll
0x000007fefae50000 - 0x000007fefae9f000 	C:\Windows\system32\AUDIOSES.DLL
0x000007feeea00000 - 0x000007feeea37000 	D:\LeapDeveloperKit_2.2.2+24469_win\LeapSDK\lib\x64\LeapJava.dll
0x000007fef94f0000 - 0x000007fef9596000 	C:\Windows\system32\MSVCP120.dll
0x000007fef9400000 - 0x000007fef94ef000 	C:\Windows\system32\MSVCR120.dll
0x000007fee4530000 - 0x000007fee469b000 	D:\LeapDeveloperKit_2.2.2+24469_win\LeapSDK\lib\x64\Leap.dll
0x000007fefb340000 - 0x000007fefb36d000 	C:\Windows\system32\ntmarta.dll
0x000007fefdf40000 - 0x000007fefdf92000 	C:\Windows\system32\WLDAP32.dll
0x0000000059780000 - 0x0000000059f4a000 	C:\Windows\system32\ig7icd64.dll
0x000007fef6a10000 - 0x000007fef6e62000 	C:\Windows\system32\igdusc64.dll
0x000007feeaaa0000 - 0x000007feeab3c000 	C:\Windows\system32\mscms.dll
0x000007feec9f0000 - 0x000007feeca32000 	C:\Windows\system32\icm32.dll
0x0000000066bc0000 - 0x0000000066c7b000 	C:\Users\Browsing\AppData\Local\Temp\libgdxBrowsing\e0574a22\gdx-box2d64.dll
0x000007fef92d0000 - 0x000007fef93f5000 	C:\Windows\system32\dbghelp.dll

VM Arguments:
jvm_args: -Djava.library.path=D:\LeapDeveloperKit_2.2.2+24469_win\LeapSDK\lib\x64 -Dfile.encoding=Cp1252 
java_command: GameMain
java_class_path (initial): C:\Users\Paul\workspace\Leap Game Desktop\bin;C:\Users\Paul\workspace\Leap Game Desktop\libs\gdx-backend-lwjgl-natives.jar;C:\Users\Paul\workspace\Leap Game Desktop\libs\gdx-backend-lwjgl.jar;C:\Users\Paul\workspace\Leap Game Desktop\libs\gdx-natives.jar;C:\Users\Paul\workspace\Leap Game Core\bin;D:\LeapDeveloperKit_2.2.2+24469_win\LeapSDK\lib\LeapJava.jar;C:\Users\Paul\workspace\Leap Game Core\libs\gdx.jar;C:\Users\Paul\workspace\Leap Game Core\libs\gdx-box2d.jar;C:\Users\Paul\workspace\Leap Game Desktop\libs\gdx-box2d-natives.jar
Launcher Type: SUN_STANDARD

Environment Variables:
JAVA_HOME=C:\Program Files\Java\jdk1.8.0_20
PATH=C:\ProgramData\Oracle\Java\javapath;C:\Program Files (x86)\Intel\TXE Components\TCS\;C:\Program Files\Intel\TXE Components\TCS\;C:\Windows\system32;C:\Windows;C:\Windows\System32\Wbem;C:\Windows\System32\WindowsPowerShell\v1.0\;C:\Program Files (x86)\Git\cmd;C:\Program Files\Java\jdk1.8.0_20\bin;C:\Program Files (x86)\Windows Kits\8.1\Windows Performance Toolkit\;C:\Program Files\Microsoft SQL Server\110\Tools\Binn\;C:\Program Files (x86)\Microsoft SDKs\TypeScript\1.0\;C:\Program Files\Microsoft SQL Server\120\Tools\Binn\
USERNAME=Browsing
OS=Windows_NT
PROCESSOR_IDENTIFIER=Intel64 Family 6 Model 55 Stepping 3, GenuineIntel



---------------  S Y S T E M  ---------------

OS: Windows 7 , 64 bit Build 7601 Service Pack 1

CPU:total 4 (4 cores per cpu, 1 threads per core) family 6 model 55 stepping 3, cmov, cx8, fxsr, mmx, sse, sse2, sse3, ssse3, sse4.1, sse4.2, popcnt, clmul, erms, tsc, tscinvbit

Memory: 4k page, physical 4077940k(1257604k free), swap 8154028k(4786376k free)

vm_info: Java HotSpot(TM) 64-Bit Server VM (25.20-b23) for windows-amd64 JRE (1.8.0_20-b26), built on Jul 30 2014 13:51:23 by "java_re" with MS VC++ 10.0 (VS2010)

time: Tue May 05 18:18:47 2015
elapsed time: 1754 seconds (0d 0h 29m 14s)

